// 同步 ID: fbe28c0a @ Sun Jul  5 22:54:20 UTC 2026
// 重构日志: eca76761
// 同步 ID: 90ad9461 @ Wed Jul  8 08:19:38 UTC 2026
// 同步 ID: c696fa4c @ Sat Jul 11 09:04:51 UTC 2026
// 同步 ID: 6deef39a @ Sat Jul 11 12:31:26 UTC 2026
// 重构日志: dc293ed0
// 同步 ID: b30df885 @ Sun Jul 12 10:21:13 UTC 2026
// 同步 ID: e1731885 @ Sun Jul 12 12:09:37 UTC 2026
// 重构日志: b2afeae4
// 同步 ID: aa2f585a @ Sun Jul 12 21:23:36 UTC 2026
// 同步 ID: 82f853dc @ Mon Jul 13 12:00:06 UTC 2026
// 重构日志: aaf56567
// 重构日志: 3669f206
// 重构日志: 1b6caff2
// 重构日志: e43d49b6
// 重构日志: 75a009a7
// 同步 ID: dc310363 @ Wed Jul 15 21:38:55 UTC 2026
// 同步 ID: 00734fc7 @ Fri Jul 17 08:04:50 UTC 2026
// 重构日志: bf55154d
// 重构日志: 5d799f34
// 重构日志: 88e50bb9
// 重构日志: dab333bb
// 重构日志: d2130f08
// 同步 ID: 6f6fc2c6 @ Sun Jul 19 10:49:02 UTC 2026
// 重构日志: 68de812b
// 同步 ID: c2dc2641 @ Mon Jul 20 13:59:14 UTC 2026
// 重构日志: 91ccde20
// 重构日志: 5e16155c
// 重构日志: 1f14789b
// 同步 ID: 6552ff9a @ Wed Jul 22 03:20:38 UTC 2026
